<?xml version="1.0" encoding="UTF-8"?>
<testsuite name="ru.spbau.mit.LockFreeSetImplTest" tests="4" skipped="0" failures="0" errors="0" timestamp="2018-01-20T12:12:20" hostname="angelika-laptop" time="0.884">
  <properties/>
  <testcase name="doubleAddTest" classname="ru.spbau.mit.LockFreeSetImplTest" time="0.432"/>
  <testcase name="remove" classname="ru.spbau.mit.LockFreeSetImplTest" time="0.185"/>
  <testcase name="removeOneNumberTest" classname="ru.spbau.mit.LockFreeSetImplTest" time="0.124"/>
  <testcase name="add" classname="ru.spbau.mit.LockFreeSetImplTest" time="0.142"/>
  <system-out><![CDATA[]]></system-out>
  <system-err><![CDATA[]]></system-err>
</testsuite>
